# JRE version: OpenJDK Runtime Environment (17.0.11) (build 17.0.11+0--11852314)
# Java VM: OpenJDK 64-Bit Server VM (17.0.11+0--11852314, mixed mode, tiered, compressed oops, compressed class ptrs, g1 gc, windows-amd64)
GC Precious Log:
 CPUs: 4 total, 4 available
 Memory: 7932M
 Large Page Support: Disabled
 NUMA Support: Disabled
 Compressed Oops: Enabled (32-bit)
 Heap Region Size: 1M
 Heap Min Capacity: 8M
 Heap Initial Capacity: 124M
 Heap Max Capacity: 1984M
 Pre-touch: Disabled
 Parallel Workers: 4
 Concurrent Workers: 1
 Concurrent Refinement Workers: 4
 Periodic GC: Disabled
Heap:
 garbage-first heap   total 106496K, used 62900K [0x0000000084000000, 0x0000000100000000)
  region size 1024K, 29 young (29696K), 5 survivors (5120K)
 Metaspace       used 59400K, committed 59648K, reserved 1114112K
  class space    used 7181K, committed 7296K, reserved 1048576K
GC Heap History (20 events):
Event: 4.452 GC heap before
{Heap before GC invocations=9 (full 0):
 garbage-first heap   total 50176K, used 34381K [0x0000000084000000, 0x0000000100000000)
  region size 1024K, 19 young (19456K), 2 survivors (2048K)
 Metaspace       used 38943K, committed 39168K, reserved 1114112K
  class space    used 4797K, committed 4928K, reserved 1048576K
}
Event: 4.458 GC heap after
{Heap after GC invocations=10 (full 0):
 garbage-first heap   total 50176K, used 19803K [0x0000000084000000, 0x0000000100000000)
  region size 1024K, 3 young (3072K), 3 survivors (3072K)
 Metaspace       used 38943K, committed 39168K, reserved 1114112K
  class space    used 4797K, committed 4928K, reserved 1048576K
}
Event: 4.482 GC heap before
{Heap before GC invocations=10 (full 0):
 garbage-first heap   total 50176K, used 19803K [0x0000000084000000, 0x0000000100000000)
  region size 1024K, 4 young (4096K), 3 survivors (3072K)
 Metaspace       used 39167K, committed 39360K, reserved 1114112K
  class space    used 4810K, committed 4928K, reserved 1048576K
}
Event: 4.488 GC heap after
{Heap after GC invocations=11 (full 0):
 garbage-first heap   total 50176K, used 19216K [0x0000000084000000, 0x0000000100000000)
  region size 1024K, 1 young (1024K), 1 survivors (1024K)
 Metaspace       used 39167K, committed 39360K, reserved 1114112K
  class space    used 4810K, committed 4928K, reserved 1048576K
}
Event: 5.062 GC heap before
{Heap before GC invocations=11 (full 0):
 garbage-first heap   total 50176K, used 36624K [0x0000000084000000, 0x0000000100000000)
  region size 1024K, 18 young (18432K), 1 survivors (1024K)
 Metaspace       used 43519K, committed 43776K, reserved 1114112K
  class space    used 5297K, committed 5440K, reserved 1048576K
}
Event: 5.067 GC heap after
{Heap after GC invocations=12 (full 0):
 garbage-first heap   total 50176K, used 20065K [0x0000000084000000, 0x0000000100000000)
  region size 1024K, 2 young (2048K), 2 survivors (2048K)
 Metaspace       used 43519K, committed 43776K, reserved 1114112K
  class space    used 5297K, committed 5440K, reserved 1048576K
}
Event: 5.596 GC heap before
{Heap before GC invocations=12 (full 0):
 garbage-first heap   total 50176K, used 39521K [0x0000000084000000, 0x0000000100000000)
  region size 1024K, 19 young (19456K), 2 survivors (2048K)
 Metaspace       used 46587K, committed 46784K, reserved 1114112K
  class space    used 5661K, committed 5760K, reserved 1048576K
}
Event: 5.606 GC heap after
{Heap after GC invocations=13 (full 0):
 garbage-first heap   total 50176K, used 25204K [0x0000000084000000, 0x0000000100000000)
  region size 1024K, 3 young (3072K), 3 survivors (3072K)
 Metaspace       used 46587K, committed 46784K, reserved 1114112K
  class space    used 5661K, committed 5760K, reserved 1048576K
}
Event: 5.756 GC heap before
{Heap before GC invocations=13 (full 0):
 garbage-first heap   total 50176K, used 31348K [0x0000000084000000, 0x0000000100000000)
  region size 1024K, 10 young (10240K), 3 survivors (3072K)
 Metaspace       used 47139K, committed 47360K, reserved 1114112K
  class space    used 5717K, committed 5824K, reserved 1048576K
}
Event: 5.764 GC heap after
{Heap after GC invocations=14 (full 0):
 garbage-first heap   total 50176K, used 26654K [0x0000000084000000, 0x0000000100000000)
  region size 1024K, 2 young (2048K), 2 survivors (2048K)
 Metaspace       used 47139K, committed 47360K, reserved 1114112K
  class space    used 5717K, committed 5824K, reserved 1048576K
}
Event: 5.847 GC heap before
{Heap before GC invocations=15 (full 0):
 garbage-first heap   total 53248K, used 36894K [0x0000000084000000, 0x0000000100000000)
  region size 1024K, 12 young (12288K), 2 survivors (2048K)
 Metaspace       used 47182K, committed 47360K, reserved 1114112K
  class space    used 5717K, committed 5824K, reserved 1048576K
}
Event: 5.854 GC heap after
{Heap after GC invocations=16 (full 0):
 garbage-first heap   total 53248K, used 29593K [0x0000000084000000, 0x0000000100000000)
  region size 1024K, 2 young (2048K), 2 survivors (2048K)
 Metaspace       used 47182K, committed 47360K, reserved 1114112K
  class space    used 5717K, committed 5824K, reserved 1048576K
}
Event: 5.909 GC heap before
{Heap before GC invocations=16 (full 0):
 garbage-first heap   total 53248K, used 38809K [0x0000000084000000, 0x0000000100000000)
  region size 1024K, 12 young (12288K), 2 survivors (2048K)
 Metaspace       used 47183K, committed 47360K, reserved 1114112K
  class space    used 5717K, committed 5824K, reserved 1048576K
}
Event: 5.913 GC heap after
{Heap after GC invocations=17 (full 0):
 garbage-first heap   total 106496K, used 29698K [0x0000000084000000, 0x0000000100000000)
  region size 1024K, 2 young (2048K), 2 survivors (2048K)
 Metaspace       used 47183K, committed 47360K, reserved 1114112K
  class space    used 5717K, committed 5824K, reserved 1048576K
}
Event: 7.620 GC heap before
{Heap before GC invocations=18 (full 0):
 garbage-first heap   total 106496K, used 73730K [0x0000000084000000, 0x0000000100000000)
  region size 1024K, 45 young (46080K), 2 survivors (2048K)
 Metaspace       used 52715K, committed 52928K, reserved 1114112K
  class space    used 6276K, committed 6400K, reserved 1048576K
}
Event: 7.637 GC heap after
{Heap after GC invocations=19 (full 0):
 garbage-first heap   total 106496K, used 34450K [0x0000000084000000, 0x0000000100000000)
  region size 1024K, 6 young (6144K), 6 survivors (6144K)
 Metaspace       used 52715K, committed 52928K, reserved 1114112K
  class space    used 6276K, committed 6400K, reserved 1048576K
}
Event: 7.678 GC heap before
{Heap before GC invocations=19 (full 0):
 garbage-first heap   total 106496K, used 35474K [0x0000000084000000, 0x0000000100000000)
  region size 1024K, 7 young (7168K), 6 survivors (6144K)
 Metaspace       used 52744K, committed 52992K, reserved 1114112K
  class space    used 6276K, committed 6400K, reserved 1048576K
}
Event: 7.690 GC heap after
{Heap after GC invocations=20 (full 0):
 garbage-first heap   total 106496K, used 34334K [0x0000000084000000, 0x0000000100000000)
  region size 1024K, 1 young (1024K), 1 survivors (1024K)
 Metaspace       used 52744K, committed 52992K, reserved 1114112K
  class space    used 6276K, committed 6400K, reserved 1048576K
}
Event: 8.544 GC heap before
{Heap before GC invocations=20 (full 0):
 garbage-first heap   total 106496K, used 74270K [0x0000000084000000, 0x0000000100000000)
  region size 1024K, 40 young (40960K), 1 survivors (1024K)
 Metaspace       used 53428K, committed 53632K, reserved 1114112K
  class space    used 6323K, committed 6400K, reserved 1048576K
}
Event: 8.558 GC heap after
{Heap after GC invocations=21 (full 0):
 garbage-first heap   total 106496K, used 39348K [0x0000000084000000, 0x0000000100000000)
  region size 1024K, 5 young (5120K), 5 survivors (5120K)
 Metaspace       used 53428K, committed 53632K, reserved 1114112K
  class space    used 6323K, committed 6400K, reserved 1048576K
}

