# JRE version: OpenJDK Runtime Environment (17.0.11) (build 17.0.11+0--11852314)
# Java VM: OpenJDK 64-Bit Server VM (17.0.11+0--11852314, mixed mode, tiered, compressed oops, compressed class ptrs, g1 gc, windows-amd64)
GC Precious Log:
 CPUs: 4 total, 4 available
 Memory: 7932M
 Large Page Support: Disabled
 NUMA Support: Disabled
 Compressed Oops: Enabled (32-bit)
 Heap Region Size: 1M
 Heap Min Capacity: 8M
 Heap Initial Capacity: 124M
 Heap Max Capacity: 1984M
 Pre-touch: Disabled
 Parallel Workers: 4
 Concurrent Workers: 1
 Concurrent Refinement Workers: 4
 Periodic GC: Disabled
Heap:
 garbage-first heap   total 54272K, used 29420K [0x0000000084000000, 0x0000000100000000)
  region size 1024K, 1 young (1024K), 1 survivors (1024K)
 Metaspace       used 47089K, committed 47360K, reserved 1114112K
  class space    used 5723K, committed 5824K, reserved 1048576K
GC Heap History (20 events):
Event: 0.882 GC heap after
{Heap after GC invocations=2 (full 0):
 garbage-first heap   total 126976K, used 8009K [0x0000000084000000, 0x0000000100000000)
  region size 1024K, 2 young (2048K), 2 survivors (2048K)
 Metaspace       used 14641K, committed 14784K, reserved 1114112K
  class space    used 1456K, committed 1536K, reserved 1048576K
}
Event: 1.488 GC heap before
{Heap before GC invocations=2 (full 0):
 garbage-first heap   total 126976K, used 33609K [0x0000000084000000, 0x0000000100000000)
  region size 1024K, 28 young (28672K), 2 survivors (2048K)
 Metaspace       used 21374K, committed 21504K, reserved 1114112K
  class space    used 2328K, committed 2432K, reserved 1048576K
}
Event: 1.496 GC heap after
{Heap after GC invocations=3 (full 0):
 garbage-first heap   total 126976K, used 10516K [0x0000000084000000, 0x0000000100000000)
  region size 1024K, 5 young (5120K), 5 survivors (5120K)
 Metaspace       used 21374K, committed 21504K, reserved 1114112K
  class space    used 2328K, committed 2432K, reserved 1048576K
}
Event: 2.041 GC heap before
{Heap before GC invocations=4 (full 0):
 garbage-first heap   total 45056K, used 32020K [0x0000000084000000, 0x0000000100000000)
  region size 1024K, 26 young (26624K), 5 survivors (5120K)
 Metaspace       used 28360K, committed 28480K, reserved 1114112K
  class space    used 3517K, committed 3584K, reserved 1048576K
}
Event: 2.050 GC heap after
{Heap after GC invocations=5 (full 0):
 garbage-first heap   total 45056K, used 11526K [0x0000000084000000, 0x0000000100000000)
  region size 1024K, 2 young (2048K), 2 survivors (2048K)
 Metaspace       used 28360K, committed 28480K, reserved 1114112K
  class space    used 3517K, committed 3584K, reserved 1048576K
}
Event: 2.398 GC heap before
{Heap before GC invocations=5 (full 0):
 garbage-first heap   total 45056K, used 32006K [0x0000000084000000, 0x0000000100000000)
  region size 1024K, 21 young (21504K), 2 survivors (2048K)
 Metaspace       used 30748K, committed 30912K, reserved 1114112K
  class space    used 3980K, committed 4032K, reserved 1048576K
}
Event: 2.409 GC heap after
{Heap after GC invocations=6 (full 0):
 garbage-first heap   total 45056K, used 17832K [0x0000000084000000, 0x0000000100000000)
  region size 1024K, 3 young (3072K), 3 survivors (3072K)
 Metaspace       used 30748K, committed 30912K, reserved 1114112K
  class space    used 3980K, committed 4032K, reserved 1048576K
}
Event: 2.660 GC heap before
{Heap before GC invocations=6 (full 0):
 garbage-first heap   total 45056K, used 31144K [0x0000000084000000, 0x0000000100000000)
  region size 1024K, 16 young (16384K), 3 survivors (3072K)
 Metaspace       used 34025K, committed 34304K, reserved 1114112K
  class space    used 4333K, committed 4480K, reserved 1048576K
}
Event: 2.669 GC heap after
{Heap after GC invocations=7 (full 0):
 garbage-first heap   total 54272K, used 17265K [0x0000000084000000, 0x0000000100000000)
  region size 1024K, 2 young (2048K), 2 survivors (2048K)
 Metaspace       used 34025K, committed 34304K, reserved 1114112K
  class space    used 4333K, committed 4480K, reserved 1048576K
}
Event: 2.816 GC heap before
{Heap before GC invocations=7 (full 0):
 garbage-first heap   total 54272K, used 25457K [0x0000000084000000, 0x0000000100000000)
  region size 1024K, 12 young (12288K), 2 survivors (2048K)
 Metaspace       used 35899K, committed 36096K, reserved 1114112K
  class space    used 4541K, committed 4672K, reserved 1048576K
}
Event: 2.820 GC heap after
{Heap after GC invocations=8 (full 0):
 garbage-first heap   total 54272K, used 18438K [0x0000000084000000, 0x0000000100000000)
  region size 1024K, 3 young (3072K), 3 survivors (3072K)
 Metaspace       used 35899K, committed 36096K, reserved 1114112K
  class space    used 4541K, committed 4672K, reserved 1048576K
}
Event: 3.186 GC heap before
{Heap before GC invocations=9 (full 0):
 garbage-first heap   total 54272K, used 37894K [0x0000000084000000, 0x0000000100000000)
  region size 1024K, 23 young (23552K), 3 survivors (3072K)
 Metaspace       used 40044K, committed 40256K, reserved 1114112K
  class space    used 4917K, committed 5056K, reserved 1048576K
}
Event: 3.194 GC heap after
{Heap after GC invocations=10 (full 0):
 garbage-first heap   total 54272K, used 20418K [0x0000000084000000, 0x0000000100000000)
  region size 1024K, 3 young (3072K), 3 survivors (3072K)
 Metaspace       used 40044K, committed 40256K, reserved 1114112K
  class space    used 4917K, committed 5056K, reserved 1048576K
}
Event: 3.207 GC heap before
{Heap before GC invocations=10 (full 0):
 garbage-first heap   total 54272K, used 21442K [0x0000000084000000, 0x0000000100000000)
  region size 1024K, 4 young (4096K), 3 survivors (3072K)
 Metaspace       used 40044K, committed 40256K, reserved 1114112K
  class space    used 4917K, committed 5056K, reserved 1048576K
}
Event: 3.213 GC heap after
{Heap after GC invocations=11 (full 0):
 garbage-first heap   total 54272K, used 21050K [0x0000000084000000, 0x0000000100000000)
  region size 1024K, 1 young (1024K), 1 survivors (1024K)
 Metaspace       used 40044K, committed 40256K, reserved 1114112K
  class space    used 4917K, committed 5056K, reserved 1048576K
}
Event: 3.722 GC heap before
{Heap before GC invocations=11 (full 0):
 garbage-first heap   total 54272K, used 40506K [0x0000000084000000, 0x0000000100000000)
  region size 1024K, 20 young (20480K), 1 survivors (1024K)
 Metaspace       used 45554K, committed 45824K, reserved 1114112K
  class space    used 5569K, committed 5696K, reserved 1048576K
}
Event: 3.728 GC heap after
{Heap after GC invocations=12 (full 0):
 garbage-first heap   total 54272K, used 22528K [0x0000000084000000, 0x0000000100000000)
  region size 1024K, 2 young (2048K), 2 survivors (2048K)
 Metaspace       used 45554K, committed 45824K, reserved 1114112K
  class space    used 5569K, committed 5696K, reserved 1048576K
}
Event: 4.210 GC heap before
{Heap before GC invocations=13 (full 0):
 garbage-first heap   total 54272K, used 43008K [0x0000000084000000, 0x0000000100000000)
  region size 1024K, 20 young (20480K), 2 survivors (2048K)
 Metaspace       used 47019K, committed 47296K, reserved 1114112K
  class space    used 5723K, committed 5824K, reserved 1048576K
}
Event: 4.218 GC heap after
{Heap after GC invocations=14 (full 0):
 garbage-first heap   total 54272K, used 28402K [0x0000000084000000, 0x0000000100000000)
  region size 1024K, 3 young (3072K), 3 survivors (3072K)
 Metaspace       used 47019K, committed 47296K, reserved 1114112K
  class space    used 5723K, committed 5824K, reserved 1048576K
}
Event: 4.286 GC heap before
{Heap before GC invocations=14 (full 0):
 garbage-first heap   total 54272K, used 41714K [0x0000000084000000, 0x0000000100000000)
  region size 1024K, 16 young (16384K), 3 survivors (3072K)
 Metaspace       used 47089K, committed 47360K, reserved 1114112K
  class space    used 5723K, committed 5824K, reserved 1048576K
}

